<?xml version="1.0" encoding="UTF-8"?>
<testsuite name="mastermind.TestMastermindDifferentLetters" tests="1" skipped="0" failures="0" errors="0" timestamp="2021-08-21T19:03:20" hostname="LAPTOP-3DLISIP6" time="0.019">
  <properties/>
  <testcase name="test12" classname="mastermind.TestMastermindDifferentLetters" time="0.019"/>
  <system-out><![CDATA[]]></system-out>
  <system-err><![CDATA[]]></system-err>
</testsuite>
