<?xml version="1.0" encoding="UTF-8"?>
<testsuite name="games.game2048.TestGame2048" tests="1" skipped="0" failures="0" errors="0" timestamp="2021-09-06T15:46:46" hostname="LAPTOP-3DLISIP6" time="0.016">
  <properties/>
  <testcase name="testMoves" classname="games.game2048.TestGame2048" time="0.016"/>
  <system-out><![CDATA[]]></system-out>
  <system-err><![CDATA[]]></system-err>
</testsuite>
